0 info it worked if it ends with ok
1 verbose cli [ '/usr/bin/nodejs', '/usr/bin/npm', 'install' ]
2 info using npm@1.3.10
3 info using node@v0.10.25
4 verbose readDependencies using package.json deps
5 verbose install where, deps [ '/var/www/bio',
5 verbose install   [ 'bootstrap-sass',
5 verbose install     'gulp',
5 verbose install     'jquery',
5 verbose install     'laravel-elixir',
5 verbose install     'laravel-elixir-vue',
5 verbose install     'laravel-elixir-webpack-official',
5 verbose install     'lodash',
5 verbose install     'vue',
5 verbose install     'vue-resource' ] ]
6 info preinstall @
7 verbose readDependencies using package.json deps
8 verbose cache add [ 'jquery@^3.1.0', null ]
9 verbose cache add name=undefined spec="jquery@^3.1.0" args=["jquery@^3.1.0",null]
10 verbose parsed url { protocol: null,
10 verbose parsed url   slashes: null,
10 verbose parsed url   auth: null,
10 verbose parsed url   host: null,
10 verbose parsed url   port: null,
10 verbose parsed url   hostname: null,
10 verbose parsed url   hash: null,
10 verbose parsed url   search: null,
10 verbose parsed url   query: null,
10 verbose parsed url   pathname: 'jquery@^3.1.0',
10 verbose parsed url   path: 'jquery@^3.1.0',
10 verbose parsed url   href: 'jquery@^3.1.0' }
11 verbose cache add name="jquery" spec="^3.1.0" args=["jquery","^3.1.0"]
12 verbose parsed url { protocol: null,
12 verbose parsed url   slashes: null,
12 verbose parsed url   auth: null,
12 verbose parsed url   host: null,
12 verbose parsed url   port: null,
12 verbose parsed url   hostname: null,
12 verbose parsed url   hash: null,
12 verbose parsed url   search: null,
12 verbose parsed url   query: null,
12 verbose parsed url   pathname: '^3.1.0',
12 verbose parsed url   path: '^3.1.0',
12 verbose parsed url   href: '^3.1.0' }
13 verbose addNamed [ 'jquery', '^3.1.0' ]
14 verbose addNamed [ null, '>=3.1.0-0 <4.0.0-0' ]
15 verbose cache add [ 'bootstrap-sass@^3.3.7', null ]
16 verbose cache add name=undefined spec="bootstrap-sass@^3.3.7" args=["bootstrap-sass@^3.3.7",null]
17 verbose parsed url { protocol: null,
17 verbose parsed url   slashes: null,
17 verbose parsed url   auth: null,
17 verbose parsed url   host: null,
17 verbose parsed url   port: null,
17 verbose parsed url   hostname: null,
17 verbose parsed url   hash: null,
17 verbose parsed url   search: null,
17 verbose parsed url   query: null,
17 verbose parsed url   pathname: 'bootstrap-sass@^3.3.7',
17 verbose parsed url   path: 'bootstrap-sass@^3.3.7',
17 verbose parsed url   href: 'bootstrap-sass@^3.3.7' }
18 verbose cache add name="bootstrap-sass" spec="^3.3.7" args=["bootstrap-sass","^3.3.7"]
19 verbose parsed url { protocol: null,
19 verbose parsed url   slashes: null,
19 verbose parsed url   auth: null,
19 verbose parsed url   host: null,
19 verbose parsed url   port: null,
19 verbose parsed url   hostname: null,
19 verbose parsed url   hash: null,
19 verbose parsed url   search: null,
19 verbose parsed url   query: null,
19 verbose parsed url   pathname: '^3.3.7',
19 verbose parsed url   path: '^3.3.7',
19 verbose parsed url   href: '^3.3.7' }
20 verbose addNamed [ 'bootstrap-sass', '^3.3.7' ]
21 verbose addNamed [ null, '>=3.3.7-0 <4.0.0-0' ]
22 verbose cache add [ 'gulp@^3.9.1', null ]
23 verbose cache add name=undefined spec="gulp@^3.9.1" args=["gulp@^3.9.1",null]
24 verbose parsed url { protocol: null,
24 verbose parsed url   slashes: null,
24 verbose parsed url   auth: null,
24 verbose parsed url   host: null,
24 verbose parsed url   port: null,
24 verbose parsed url   hostname: null,
24 verbose parsed url   hash: null,
24 verbose parsed url   search: null,
24 verbose parsed url   query: null,
24 verbose parsed url   pathname: 'gulp@^3.9.1',
24 verbose parsed url   path: 'gulp@^3.9.1',
24 verbose parsed url   href: 'gulp@^3.9.1' }
25 verbose cache add name="gulp" spec="^3.9.1" args=["gulp","^3.9.1"]
26 verbose parsed url { protocol: null,
26 verbose parsed url   slashes: null,
26 verbose parsed url   auth: null,
26 verbose parsed url   host: null,
26 verbose parsed url   port: null,
26 verbose parsed url   hostname: null,
26 verbose parsed url   hash: null,
26 verbose parsed url   search: null,
26 verbose parsed url   query: null,
26 verbose parsed url   pathname: '^3.9.1',
26 verbose parsed url   path: '^3.9.1',
26 verbose parsed url   href: '^3.9.1' }
27 verbose addNamed [ 'gulp', '^3.9.1' ]
28 verbose addNamed [ null, '>=3.9.1-0 <4.0.0-0' ]
29 silly lockFile 473f195d-jquery-3-1-0 jquery@^3.1.0
30 verbose lock jquery@^3.1.0 /home/lars/.npm/473f195d-jquery-3-1-0.lock
31 silly lockFile 2486ac53-bootstrap-sass-3-3-7 bootstrap-sass@^3.3.7
32 verbose lock bootstrap-sass@^3.3.7 /home/lars/.npm/2486ac53-bootstrap-sass-3-3-7.lock
33 silly lockFile e5c114fc-gulp-3-9-1 gulp@^3.9.1
34 verbose lock gulp@^3.9.1 /home/lars/.npm/e5c114fc-gulp-3-9-1.lock
35 verbose cache add [ 'laravel-elixir@^6.0.0-9', null ]
36 verbose cache add name=undefined spec="laravel-elixir@^6.0.0-9" args=["laravel-elixir@^6.0.0-9",null]
37 verbose parsed url { protocol: null,
37 verbose parsed url   slashes: null,
37 verbose parsed url   auth: null,
37 verbose parsed url   host: null,
37 verbose parsed url   port: null,
37 verbose parsed url   hostname: null,
37 verbose parsed url   hash: null,
37 verbose parsed url   search: null,
37 verbose parsed url   query: null,
37 verbose parsed url   pathname: 'laravel-elixir@^6.0.0-9',
37 verbose parsed url   path: 'laravel-elixir@^6.0.0-9',
37 verbose parsed url   href: 'laravel-elixir@^6.0.0-9' }
38 verbose cache add name="laravel-elixir" spec="^6.0.0-9" args=["laravel-elixir","^6.0.0-9"]
39 verbose parsed url { protocol: null,
39 verbose parsed url   slashes: null,
39 verbose parsed url   auth: null,
39 verbose parsed url   host: null,
39 verbose parsed url   port: null,
39 verbose parsed url   hostname: null,
39 verbose parsed url   hash: null,
39 verbose parsed url   search: null,
39 verbose parsed url   query: null,
39 verbose parsed url   pathname: '^6.0.0-9',
39 verbose parsed url   path: '^6.0.0-9',
39 verbose parsed url   href: '^6.0.0-9' }
40 verbose addNamed [ 'laravel-elixir', '^6.0.0-9' ]
41 verbose addNamed [ null, '>=6.0.0-9 <7.0.0-0' ]
42 silly lockFile 9774c73d-laravel-elixir-6-0-0-9 laravel-elixir@^6.0.0-9
43 verbose lock laravel-elixir@^6.0.0-9 /home/lars/.npm/9774c73d-laravel-elixir-6-0-0-9.lock
44 verbose cache add [ 'laravel-elixir-vue@^0.1.4', null ]
45 verbose cache add name=undefined spec="laravel-elixir-vue@^0.1.4" args=["laravel-elixir-vue@^0.1.4",null]
46 verbose parsed url { protocol: null,
46 verbose parsed url   slashes: null,
46 verbose parsed url   auth: null,
46 verbose parsed url   host: null,
46 verbose parsed url   port: null,
46 verbose parsed url   hostname: null,
46 verbose parsed url   hash: null,
46 verbose parsed url   search: null,
46 verbose parsed url   query: null,
46 verbose parsed url   pathname: 'laravel-elixir-vue@^0.1.4',
46 verbose parsed url   path: 'laravel-elixir-vue@^0.1.4',
46 verbose parsed url   href: 'laravel-elixir-vue@^0.1.4' }
47 verbose cache add name="laravel-elixir-vue" spec="^0.1.4" args=["laravel-elixir-vue","^0.1.4"]
48 verbose parsed url { protocol: null,
48 verbose parsed url   slashes: null,
48 verbose parsed url   auth: null,
48 verbose parsed url   host: null,
48 verbose parsed url   port: null,
48 verbose parsed url   hostname: null,
48 verbose parsed url   hash: null,
48 verbose parsed url   search: null,
48 verbose parsed url   query: null,
48 verbose parsed url   pathname: '^0.1.4',
48 verbose parsed url   path: '^0.1.4',
48 verbose parsed url   href: '^0.1.4' }
49 verbose addNamed [ 'laravel-elixir-vue', '^0.1.4' ]
50 verbose addNamed [ null, '>=0.1.4-0 <0.2.0-0' ]
51 silly lockFile ae5c1e8c-laravel-elixir-vue-0-1-4 laravel-elixir-vue@^0.1.4
52 verbose lock laravel-elixir-vue@^0.1.4 /home/lars/.npm/ae5c1e8c-laravel-elixir-vue-0-1-4.lock
53 verbose cache add [ 'laravel-elixir-webpack-official@^1.0.2', null ]
54 verbose cache add name=undefined spec="laravel-elixir-webpack-official@^1.0.2" args=["laravel-elixir-webpack-official@^1.0.2",null]
55 verbose parsed url { protocol: null,
55 verbose parsed url   slashes: null,
55 verbose parsed url   auth: null,
55 verbose parsed url   host: null,
55 verbose parsed url   port: null,
55 verbose parsed url   hostname: null,
55 verbose parsed url   hash: null,
55 verbose parsed url   search: null,
55 verbose parsed url   query: null,
55 verbose parsed url   pathname: 'laravel-elixir-webpack-official@^1.0.2',
55 verbose parsed url   path: 'laravel-elixir-webpack-official@^1.0.2',
55 verbose parsed url   href: 'laravel-elixir-webpack-official@^1.0.2' }
56 verbose cache add name="laravel-elixir-webpack-official" spec="^1.0.2" args=["laravel-elixir-webpack-official","^1.0.2"]
57 verbose parsed url { protocol: null,
57 verbose parsed url   slashes: null,
57 verbose parsed url   auth: null,
57 verbose parsed url   host: null,
57 verbose parsed url   port: null,
57 verbose parsed url   hostname: null,
57 verbose parsed url   hash: null,
57 verbose parsed url   search: null,
57 verbose parsed url   query: null,
57 verbose parsed url   pathname: '^1.0.2',
57 verbose parsed url   path: '^1.0.2',
57 verbose parsed url   href: '^1.0.2' }
58 verbose addNamed [ 'laravel-elixir-webpack-official', '^1.0.2' ]
59 verbose addNamed [ null, '>=1.0.2-0 <2.0.0-0' ]
60 silly lockFile 60cfa36d-el-elixir-webpack-official-1-0-2 laravel-elixir-webpack-official@^1.0.2
61 verbose lock laravel-elixir-webpack-official@^1.0.2 /home/lars/.npm/60cfa36d-el-elixir-webpack-official-1-0-2.lock
62 verbose cache add [ 'lodash@^4.14.0', null ]
63 verbose cache add name=undefined spec="lodash@^4.14.0" args=["lodash@^4.14.0",null]
64 verbose parsed url { protocol: null,
64 verbose parsed url   slashes: null,
64 verbose parsed url   auth: null,
64 verbose parsed url   host: null,
64 verbose parsed url   port: null,
64 verbose parsed url   hostname: null,
64 verbose parsed url   hash: null,
64 verbose parsed url   search: null,
64 verbose parsed url   query: null,
64 verbose parsed url   pathname: 'lodash@^4.14.0',
64 verbose parsed url   path: 'lodash@^4.14.0',
64 verbose parsed url   href: 'lodash@^4.14.0' }
65 verbose cache add name="lodash" spec="^4.14.0" args=["lodash","^4.14.0"]
66 verbose parsed url { protocol: null,
66 verbose parsed url   slashes: null,
66 verbose parsed url   auth: null,
66 verbose parsed url   host: null,
66 verbose parsed url   port: null,
66 verbose parsed url   hostname: null,
66 verbose parsed url   hash: null,
66 verbose parsed url   search: null,
66 verbose parsed url   query: null,
66 verbose parsed url   pathname: '^4.14.0',
66 verbose parsed url   path: '^4.14.0',
66 verbose parsed url   href: '^4.14.0' }
67 verbose addNamed [ 'lodash', '^4.14.0' ]
68 verbose addNamed [ null, '>=4.14.0-0 <5.0.0-0' ]
69 silly lockFile aa207d30-lodash-4-14-0 lodash@^4.14.0
70 verbose lock lodash@^4.14.0 /home/lars/.npm/aa207d30-lodash-4-14-0.lock
71 verbose cache add [ 'vue@^1.0.26', null ]
72 verbose cache add name=undefined spec="vue@^1.0.26" args=["vue@^1.0.26",null]
73 verbose parsed url { protocol: null,
73 verbose parsed url   slashes: null,
73 verbose parsed url   auth: null,
73 verbose parsed url   host: null,
73 verbose parsed url   port: null,
73 verbose parsed url   hostname: null,
73 verbose parsed url   hash: null,
73 verbose parsed url   search: null,
73 verbose parsed url   query: null,
73 verbose parsed url   pathname: 'vue@^1.0.26',
73 verbose parsed url   path: 'vue@^1.0.26',
73 verbose parsed url   href: 'vue@^1.0.26' }
74 verbose cache add name="vue" spec="^1.0.26" args=["vue","^1.0.26"]
75 verbose parsed url { protocol: null,
75 verbose parsed url   slashes: null,
75 verbose parsed url   auth: null,
75 verbose parsed url   host: null,
75 verbose parsed url   port: null,
75 verbose parsed url   hostname: null,
75 verbose parsed url   hash: null,
75 verbose parsed url   search: null,
75 verbose parsed url   query: null,
75 verbose parsed url   pathname: '^1.0.26',
75 verbose parsed url   path: '^1.0.26',
75 verbose parsed url   href: '^1.0.26' }
76 verbose addNamed [ 'vue', '^1.0.26' ]
77 verbose addNamed [ null, '>=1.0.26-0 <2.0.0-0' ]
78 silly lockFile 0e2b56ea-vue-1-0-26 vue@^1.0.26
79 verbose lock vue@^1.0.26 /home/lars/.npm/0e2b56ea-vue-1-0-26.lock
80 verbose cache add [ 'vue-resource@^0.9.3', null ]
81 verbose cache add name=undefined spec="vue-resource@^0.9.3" args=["vue-resource@^0.9.3",null]
82 verbose parsed url { protocol: null,
82 verbose parsed url   slashes: null,
82 verbose parsed url   auth: null,
82 verbose parsed url   host: null,
82 verbose parsed url   port: null,
82 verbose parsed url   hostname: null,
82 verbose parsed url   hash: null,
82 verbose parsed url   search: null,
82 verbose parsed url   query: null,
82 verbose parsed url   pathname: 'vue-resource@^0.9.3',
82 verbose parsed url   path: 'vue-resource@^0.9.3',
82 verbose parsed url   href: 'vue-resource@^0.9.3' }
83 verbose cache add name="vue-resource" spec="^0.9.3" args=["vue-resource","^0.9.3"]
84 verbose parsed url { protocol: null,
84 verbose parsed url   slashes: null,
84 verbose parsed url   auth: null,
84 verbose parsed url   host: null,
84 verbose parsed url   port: null,
84 verbose parsed url   hostname: null,
84 verbose parsed url   hash: null,
84 verbose parsed url   search: null,
84 verbose parsed url   query: null,
84 verbose parsed url   pathname: '^0.9.3',
84 verbose parsed url   path: '^0.9.3',
84 verbose parsed url   href: '^0.9.3' }
85 verbose addNamed [ 'vue-resource', '^0.9.3' ]
86 verbose addNamed [ null, '>=0.9.3-0 <0.10.0-0' ]
87 silly lockFile 97734486-vue-resource-0-9-3 vue-resource@^0.9.3
88 verbose lock vue-resource@^0.9.3 /home/lars/.npm/97734486-vue-resource-0-9-3.lock
89 silly addNameRange { name: 'jquery', range: '>=3.1.0-0 <4.0.0-0', hasData: false }
90 silly addNameRange { name: 'bootstrap-sass',
90 silly addNameRange   range: '>=3.3.7-0 <4.0.0-0',
90 silly addNameRange   hasData: false }
91 silly addNameRange { name: 'laravel-elixir',
91 silly addNameRange   range: '>=6.0.0-9 <7.0.0-0',
91 silly addNameRange   hasData: false }
92 silly addNameRange { name: 'gulp', range: '>=3.9.1-0 <4.0.0-0', hasData: false }
93 silly addNameRange { name: 'laravel-elixir-vue',
93 silly addNameRange   range: '>=0.1.4-0 <0.2.0-0',
93 silly addNameRange   hasData: false }
94 silly addNameRange { name: 'laravel-elixir-webpack-official',
94 silly addNameRange   range: '>=1.0.2-0 <2.0.0-0',
94 silly addNameRange   hasData: false }
95 silly addNameRange { name: 'lodash', range: '>=4.14.0-0 <5.0.0-0', hasData: false }
96 verbose url raw jquery
97 verbose url resolving [ 'https://registry.npmjs.org/', './jquery' ]
98 verbose url resolved https://registry.npmjs.org/jquery
99 info trying registry request attempt 1 at 17:56:33
100 http GET https://registry.npmjs.org/jquery
101 verbose url raw bootstrap-sass
102 verbose url resolving [ 'https://registry.npmjs.org/', './bootstrap-sass' ]
103 verbose url resolved https://registry.npmjs.org/bootstrap-sass
104 info trying registry request attempt 1 at 17:56:33
105 http GET https://registry.npmjs.org/bootstrap-sass
106 verbose url raw laravel-elixir
107 verbose url resolving [ 'https://registry.npmjs.org/', './laravel-elixir' ]
108 verbose url resolved https://registry.npmjs.org/laravel-elixir
109 info trying registry request attempt 1 at 17:56:33
110 http GET https://registry.npmjs.org/laravel-elixir
111 verbose url raw gulp
112 verbose url resolving [ 'https://registry.npmjs.org/', './gulp' ]
113 verbose url resolved https://registry.npmjs.org/gulp
114 info trying registry request attempt 1 at 17:56:33
115 http GET https://registry.npmjs.org/gulp
116 verbose url raw laravel-elixir-vue
117 verbose url resolving [ 'https://registry.npmjs.org/', './laravel-elixir-vue' ]
118 verbose url resolved https://registry.npmjs.org/laravel-elixir-vue
119 info trying registry request attempt 1 at 17:56:33
120 http GET https://registry.npmjs.org/laravel-elixir-vue
121 verbose url raw laravel-elixir-webpack-official
122 verbose url resolving [ 'https://registry.npmjs.org/',
122 verbose url resolving   './laravel-elixir-webpack-official' ]
123 verbose url resolved https://registry.npmjs.org/laravel-elixir-webpack-official
124 info trying registry request attempt 1 at 17:56:33
125 http GET https://registry.npmjs.org/laravel-elixir-webpack-official
126 silly addNameRange { name: 'vue', range: '>=1.0.26-0 <2.0.0-0', hasData: false }
127 silly addNameRange { name: 'vue-resource',
127 silly addNameRange   range: '>=0.9.3-0 <0.10.0-0',
127 silly addNameRange   hasData: false }
128 verbose url raw lodash
129 verbose url resolving [ 'https://registry.npmjs.org/', './lodash' ]
130 verbose url resolved https://registry.npmjs.org/lodash
131 info trying registry request attempt 1 at 17:56:33
132 http GET https://registry.npmjs.org/lodash
133 verbose url raw vue
134 verbose url resolving [ 'https://registry.npmjs.org/', './vue' ]
135 verbose url resolved https://registry.npmjs.org/vue
136 info trying registry request attempt 1 at 17:56:34
137 http GET https://registry.npmjs.org/vue
138 verbose url raw vue-resource
139 verbose url resolving [ 'https://registry.npmjs.org/', './vue-resource' ]
140 verbose url resolved https://registry.npmjs.org/vue-resource
141 info trying registry request attempt 1 at 17:56:34
142 http GET https://registry.npmjs.org/vue-resource
143 http 200 https://registry.npmjs.org/gulp
144 silly registry.get cb [ 200,
144 silly registry.get   { server: 'CouchDB/1.6.1 (Erlang OTP/R16B03)',
144 silly registry.get     etag: '"F3HUCROVYETUYNXHPF6IHQB42"',
144 silly registry.get     'content-type': 'application/json',
144 silly registry.get     'cache-control': 'max-age=300',
144 silly registry.get     'content-length': '116058',
144 silly registry.get     'accept-ranges': 'bytes',
144 silly registry.get     date: 'Tue, 11 Oct 2016 14:56:34 GMT',
144 silly registry.get     via: '1.1 varnish',
144 silly registry.get     age: '163',
144 silly registry.get     connection: 'keep-alive',
144 silly registry.get     'x-served-by': 'cache-bma7029-BMA',
144 silly registry.get     'x-cache': 'HIT',
144 silly registry.get     'x-cache-hits': '1',
144 silly registry.get     'x-timer': 'S1476197794.649780,VS0,VE0',
144 silly registry.get     vary: 'Accept-Encoding' } ]
145 silly addNameRange number 2 { name: 'gulp', range: '>=3.9.1-0 <4.0.0-0', hasData: true }
146 silly addNameRange versions [ 'gulp',
146 silly addNameRange   [ '0.0.1',
146 silly addNameRange     '0.0.2',
146 silly addNameRange     '0.0.3',
146 silly addNameRange     '0.0.4',
146 silly addNameRange     '0.0.5',
146 silly addNameRange     '0.0.7',
146 silly addNameRange     '0.0.8',
146 silly addNameRange     '0.0.9',
146 silly addNameRange     '0.1.0',
146 silly addNameRange     '0.2.0',
146 silly addNameRange     '1.0.0',
146 silly addNameRange     '1.1.0',
146 silly addNameRange     '1.2.0',
146 silly addNameRange     '1.2.1',
146 silly addNameRange     '2.0.0',
146 silly addNameRange     '2.0.1',
146 silly addNameRange     '2.1.0',
146 silly addNameRange     '2.2.0',
146 silly addNameRange     '2.3.0',
146 silly addNameRange     '2.4.0',
146 silly addNameRange     '2.4.1',
146 silly addNameRange     '2.6.0',
146 silly addNameRange     '2.6.1',
146 silly addNameRange     '2.7.0',
146 silly addNameRange     '3.0.0',
146 silly addNameRange     '3.1.1',
146 silly addNameRange     '3.1.2',
146 silly addNameRange     '3.1.3',
146 silly addNameRange     '3.1.4',
146 silly addNameRange     '3.2.0',
146 silly addNameRange     '3.2.1',
146 silly addNameRange     '3.2.2',
146 silly addNameRange     '3.2.3',
146 silly addNameRange     '3.2.4',
146 silly addNameRange     '3.2.5',
146 silly addNameRange     '3.3.0',
146 silly addNameRange     '3.3.1',
146 silly addNameRange     '3.3.2',
146 silly addNameRange     '3.3.4',
146 silly addNameRange     '3.4.0',
146 silly addNameRange     '3.5.0',
146 silly addNameRange     '3.5.1',
146 silly addNameRange     '3.5.2',
146 silly addNameRange     '3.5.5',
146 silly addNameRange     '3.5.6',
146 silly addNameRange     '3.6.0',
146 silly addNameRange     '3.6.1',
146 silly addNameRange     '3.6.2',
146 silly addNameRange     '3.7.0',
146 silly addNameRange     '3.8.0',
146 silly addNameRange     '3.8.1',
146 silly addNameRange     '3.8.2',
146 silly addNameRange     '3.8.3',
146 silly addNameRange     '3.8.4',
146 silly addNameRange     '3.8.5',
146 silly addNameRange     '3.8.6',
146 silly addNameRange     '3.8.7',
146 silly addNameRange     '3.8.8',
146 silly addNameRange     '3.8.9',
146 silly addNameRange     '3.8.10',
146 silly addNameRange     '3.8.11',
146 silly addNameRange     '3.9.0',
146 silly addNameRange     '3.9.1' ] ]
147 verbose addNamed [ 'gulp', '3.9.1' ]
148 verbose addNamed [ '3.9.1', '3.9.1' ]
149 silly lockFile d9f1ef79-gulp-3-9-1 gulp@3.9.1
150 verbose lock gulp@3.9.1 /home/lars/.npm/d9f1ef79-gulp-3-9-1.lock
151 silly lockFile d95592da-ry-npmjs-org-gulp-gulp-3-9-1-tgz https://registry.npmjs.org/gulp/-/gulp-3.9.1.tgz
152 verbose lock https://registry.npmjs.org/gulp/-/gulp-3.9.1.tgz /home/lars/.npm/d95592da-ry-npmjs-org-gulp-gulp-3-9-1-tgz.lock
153 verbose addRemoteTarball [ 'https://registry.npmjs.org/gulp/-/gulp-3.9.1.tgz',
153 verbose addRemoteTarball   '571ce45928dd40af6514fc4011866016c13845b4' ]
154 silly lockFile d95592da-ry-npmjs-org-gulp-gulp-3-9-1-tgz https://registry.npmjs.org/gulp/-/gulp-3.9.1.tgz
155 silly lockFile d95592da-ry-npmjs-org-gulp-gulp-3-9-1-tgz https://registry.npmjs.org/gulp/-/gulp-3.9.1.tgz
156 silly lockFile d9f1ef79-gulp-3-9-1 gulp@3.9.1
157 silly lockFile d9f1ef79-gulp-3-9-1 gulp@3.9.1
158 silly lockFile e5c114fc-gulp-3-9-1 gulp@^3.9.1
159 silly lockFile e5c114fc-gulp-3-9-1 gulp@^3.9.1
160 error Error: EACCES, mkdir '/home/lars/tmp/npm-32237-1GJBEMn9'
160 error  { [Error: EACCES, mkdir '/home/lars/tmp/npm-32237-1GJBEMn9']
160 error   errno: 3,
160 error   code: 'EACCES',
160 error   path: '/home/lars/tmp/npm-32237-1GJBEMn9' }
161 error Please try running this command again as root/Administrator.
162 error System Linux 3.19.0-32-generic
163 error command "/usr/bin/nodejs" "/usr/bin/npm" "install"
164 error cwd /var/www/bio
165 error node -v v0.10.25
166 error npm -v 1.3.10
167 error path /home/lars/tmp/npm-32237-1GJBEMn9
168 error code EACCES
169 error errno 3
170 error stack Error: EACCES, mkdir '/home/lars/tmp/npm-32237-1GJBEMn9'
171 verbose exit [ 3, true ]
